Traceback (most recent call last):
  File "/home/felicio/.local/share/virtualenvs/odx-pb6_5LxA/lib/python3.8/site-packages/jupyter_cache/executors/utils.py", line 51, in single_nb_execution
    executenb(
  File "/home/felicio/.local/share/virtualenvs/odx-pb6_5LxA/lib/python3.8/site-packages/nbclient/client.py", line 1112, in execute
    return NotebookClient(nb=nb, resources=resources, km=km, **kwargs).execute()
  File "/home/felicio/.local/share/virtualenvs/odx-pb6_5LxA/lib/python3.8/site-packages/nbclient/util.py", line 74, in wrapped
    return just_run(coro(*args, **kwargs))
  File "/home/felicio/.local/share/virtualenvs/odx-pb6_5LxA/lib/python3.8/site-packages/nbclient/util.py", line 53, in just_run
    return loop.run_until_complete(coro)
  File "/usr/lib/python3.8/asyncio/base_events.py", line 616, in run_until_complete
    return future.result()
  File "/home/felicio/.local/share/virtualenvs/odx-pb6_5LxA/lib/python3.8/site-packages/nbclient/client.py", line 553, in async_execute
    await self.async_execute_cell(
  File "/home/felicio/.local/share/virtualenvs/odx-pb6_5LxA/lib/python3.8/site-packages/nbclient/client.py", line 857, in async_execute_cell
    self._check_raise_for_error(cell, exec_reply)
  File "/home/felicio/.local/share/virtualenvs/odx-pb6_5LxA/lib/python3.8/site-packages/nbclient/client.py", line 760, in _check_raise_for_error
    raise CellExecutionError.from_cell_and_msg(cell, exec_reply_content)
nbclient.exceptions.CellExecutionError: An error occurred while executing the following cell:
------------------
report = ProfileReport(X, minimal=True)
report
------------------

[0;31m---------------------------------------------------------------------------[0m
[0;31mKeyboardInterrupt[0m                         Traceback (most recent call last)
[0;32m<ipython-input-3-67ec81c6885c>[0m in [0;36m<module>[0;34m[0m
[1;32m      1[0m [0mreport[0m [0;34m=[0m [0mProfileReport[0m[0;34m([0m[0mX[0m[0;34m,[0m [0mminimal[0m[0;34m=[0m[0;32mTrue[0m[0;34m)[0m[0;34m[0m[0;34m[0m[0m
[0;32m----> 2[0;31m [0mreport[0m[0;34m[0m[0;34m[0m[0m
[0m
[0;32m~/.local/share/virtualenvs/odx-pb6_5LxA/lib/python3.8/site-packages/IPython/core/displayhook.py[0m in [0;36m__call__[0;34m(self, result)[0m
[1;32m    260[0m             [0mself[0m[0;34m.[0m[0mstart_displayhook[0m[0;34m([0m[0;34m)[0m[0;34m[0m[0;34m[0m[0m
[1;32m    261[0m             [0mself[0m[0;34m.[0m[0mwrite_output_prompt[0m[0;34m([0m[0;34m)[0m[0;34m[0m[0;34m[0m[0m
[0;32m--> 262[0;31m             [0mformat_dict[0m[0;34m,[0m [0mmd_dict[0m [0;34m=[0m [0mself[0m[0;34m.[0m[0mcompute_format_data[0m[0;34m([0m[0mresult[0m[0;34m)[0m[0;34m[0m[0;34m[0m[0m
[0m[1;32m    263[0m             [0mself[0m[0;34m.[0m[0mupdate_user_ns[0m[0;34m([0m[0mresult[0m[0;34m)[0m[0;34m[0m[0;34m[0m[0m
[1;32m    264[0m             [0mself[0m[0;34m.[0m[0mfill_exec_result[0m[0;34m([0m[0mresult[0m[0;34m)[0m[0;34m[0m[0;34m[0m[0m

[0;32m~/.local/share/virtualenvs/odx-pb6_5LxA/lib/python3.8/site-packages/IPython/core/displayhook.py[0m in [0;36mcompute_format_data[0;34m(self, result)[0m
[1;32m    149[0m [0;34m[0m[0m
[1;32m    150[0m         """
[0;32m--> 151[0;31m         [0;32mreturn[0m [0mself[0m[0;34m.[0m[0mshell[0m[0;34m.[0m[0mdisplay_formatter[0m[0;34m.[0m[0mformat[0m[0;34m([0m[0mresult[0m[0;34m)[0m[0;34m[0m[0;34m[0m[0m
[0m[1;32m    152[0m [0;34m[0m[0m
[1;32m    153[0m     [0;31m# This can be set to True by the write_output_prompt method in a subclass[0m[0;34m[0m[0;34m[0m[0;34m[0m[0m

[0;32m~/.local/share/virtualenvs/odx-pb6_5LxA/lib/python3.8/site-packages/IPython/core/formatters.py[0m in [0;36mformat[0;34m(self, obj, include, exclude)[0m
[1;32m    178[0m             [0mmd[0m [0;34m=[0m [0;32mNone[0m[0;34m[0m[0;34m[0m[0m
[1;32m    179[0m             [0;32mtry[0m[0;34m:[0m[0;34m[0m[0;34m[0m[0m
[0;32m--> 180[0;31m                 [0mdata[0m [0;34m=[0m [0mformatter[0m[0;34m([0m[0mobj[0m[0;34m)[0m[0;34m[0m[0;34m[0m[0m
[0m[1;32m    181[0m             [0;32mexcept[0m[0;34m:[0m[0;34m[0m[0;34m[0m[0m
[1;32m    182[0m                 [0;31m# FIXME: log the exception[0m[0;34m[0m[0;34m[0m[0;34m[0m[0m

[0;32m<decorator-gen-2>[0m in [0;36m__call__[0;34m(self, obj)[0m

[0;32m~/.local/share/virtualenvs/odx-pb6_5LxA/lib/python3.8/site-packages/IPython/core/formatters.py[0m in [0;36mcatch_format_error[0;34m(method, self, *args, **kwargs)[0m
[1;32m    222[0m     [0;34m"""show traceback on failed format call"""[0m[0;34m[0m[0;34m[0m[0m
[1;32m    223[0m     [0;32mtry[0m[0;34m:[0m[0;34m[0m[0;34m[0m[0m
[0;32m--> 224[0;31m         [0mr[0m [0;34m=[0m [0mmethod[0m[0;34m([0m[0mself[0m[0;34m,[0m [0;34m*[0m[0margs[0m[0;34m,[0m [0;34m**[0m[0mkwargs[0m[0;34m)[0m[0;34m[0m[0;34m[0m[0m
[0m[1;32m    225[0m     [0;32mexcept[0m [0mNotImplementedError[0m[0;34m:[0m[0;34m[0m[0;34m[0m[0m
[1;32m    226[0m         [0;31m# don't warn on NotImplementedErrors[0m[0;34m[0m[0;34m[0m[0;34m[0m[0m

[0;32m~/.local/share/virtualenvs/odx-pb6_5LxA/lib/python3.8/site-packages/IPython/core/formatters.py[0m in [0;36m__call__[0;34m(self, obj)[0m
[1;32m    343[0m             [0mmethod[0m [0;34m=[0m [0mget_real_method[0m[0;34m([0m[0mobj[0m[0;34m,[0m [0mself[0m[0;34m.[0m[0mprint_method[0m[0;34m)[0m[0;34m[0m[0;34m[0m[0m
[1;32m    344[0m             [0;32mif[0m [0mmethod[0m [0;32mis[0m [0;32mnot[0m [0;32mNone[0m[0;34m:[0m[0;34m[0m[0;34m[0m[0m
[0;32m--> 345[0;31m                 [0;32mreturn[0m [0mmethod[0m[0;34m([0m[0;34m)[0m[0;34m[0m[0;34m[0m[0m
[0m[1;32m    346[0m             [0;32mreturn[0m [0;32mNone[0m[0;34m[0m[0;34m[0m[0m
[1;32m    347[0m         [0;32melse[0m[0;34m:[0m[0;34m[0m[0;34m[0m[0m

[0;32m~/.local/share/virtualenvs/odx-pb6_5LxA/lib/python3.8/site-packages/pandas_profiling/profile_report.py[0m in [0;36m_repr_html_[0;34m(self)[0m
[1;32m    434[0m     [0;32mdef[0m [0m_repr_html_[0m[0;34m([0m[0mself[0m[0;34m)[0m[0;34m:[0m[0;34m[0m[0;34m[0m[0m
[1;32m    435[0m         [0;34m"""The ipython notebook widgets user interface gets called by the jupyter notebook."""[0m[0;34m[0m[0;34m[0m[0m
[0;32m--> 436[0;31m         [0mself[0m[0;34m.[0m[0mto_notebook_iframe[0m[0;34m([0m[0;34m)[0m[0;34m[0m[0;34m[0m[0m
[0m[1;32m    437[0m [0;34m[0m[0m
[1;32m    438[0m     [0;32mdef[0m [0m__repr__[0m[0;34m([0m[0mself[0m[0;34m)[0m[0;34m:[0m[0;34m[0m[0;34m[0m[0m

[0;32m~/.local/share/virtualenvs/odx-pb6_5LxA/lib/python3.8/site-packages/pandas_profiling/profile_report.py[0m in [0;36mto_notebook_iframe[0;34m(self)[0m
[1;32m    414[0m         [0;32mwith[0m [0mwarnings[0m[0;34m.[0m[0mcatch_warnings[0m[0;34m([0m[0;34m)[0m[0;34m:[0m[0;34m[0m[0;34m[0m[0m
[1;32m    415[0m             [0mwarnings[0m[0;34m.[0m[0msimplefilter[0m[0;34m([0m[0;34m"ignore"[0m[0;34m)[0m[0;34m[0m[0;34m[0m[0m
[0;32m--> 416[0;31m             [0mdisplay[0m[0;34m([0m[0mget_notebook_iframe[0m[0;34m([0m[0mself[0m[0;34m)[0m[0;34m)[0m[0;34m[0m[0;34m[0m[0m
[0m[1;32m    417[0m [0;34m[0m[0m
[1;32m    418[0m     [0;32mdef[0m [0mto_widgets[0m[0;34m([0m[0mself[0m[0;34m)[0m[0;34m:[0m[0;34m[0m[0;34m[0m[0m

[0;32m~/.local/share/virtualenvs/odx-pb6_5LxA/lib/python3.8/site-packages/pandas_profiling/report/presentation/flavours/widget/notebook.py[0m in [0;36mget_notebook_iframe[0;34m(profile)[0m
[1;32m     63[0m         [0moutput[0m [0;34m=[0m [0mget_notebook_iframe_src[0m[0;34m([0m[0mprofile[0m[0;34m)[0m[0;34m[0m[0;34m[0m[0m
[1;32m     64[0m     [0;32melif[0m [0mattribute[0m [0;34m==[0m [0;34m"srcdoc"[0m[0;34m:[0m[0;34m[0m[0;34m[0m[0m
[0;32m---> 65[0;31m         [0moutput[0m [0;34m=[0m [0mget_notebook_iframe_srcdoc[0m[0;34m([0m[0mprofile[0m[0;34m)[0m[0;34m[0m[0;34m[0m[0m
[0m[1;32m     66[0m     [0;32melse[0m[0;34m:[0m[0;34m[0m[0;34m[0m[0m
[1;32m     67[0m         raise ValueError(

[0;32m~/.local/share/virtualenvs/odx-pb6_5LxA/lib/python3.8/site-packages/pandas_profiling/report/presentation/flavours/widget/notebook.py[0m in [0;36mget_notebook_iframe_srcdoc[0;34m(profile)[0m
[1;32m     21[0m     [0mwidth[0m [0;34m=[0m [0mconfig[0m[0;34m[[0m[0;34m"notebook"[0m[0;34m][0m[0;34m[[0m[0;34m"iframe"[0m[0;34m][0m[0;34m[[0m[0;34m"width"[0m[0;34m][0m[0;34m.[0m[0mget[0m[0;34m([0m[0mstr[0m[0;34m)[0m[0;34m[0m[0;34m[0m[0m
[1;32m     22[0m     [0mheight[0m [0;34m=[0m [0mconfig[0m[0;34m[[0m[0;34m"notebook"[0m[0;34m][0m[0;34m[[0m[0;34m"iframe"[0m[0;34m][0m[0;34m[[0m[0;34m"height"[0m[0;34m][0m[0;34m.[0m[0mget[0m[0;34m([0m[0mstr[0m[0;34m)[0m[0;34m[0m[0;34m[0m[0m
[0;32m---> 23[0;31m     [0msrc[0m [0;34m=[0m [0mhtml[0m[0;34m.[0m[0mescape[0m[0;34m([0m[0mprofile[0m[0;34m.[0m[0mto_html[0m[0;34m([0m[0;34m)[0m[0;34m)[0m[0;34m[0m[0;34m[0m[0m
[0m[1;32m     24[0m [0;34m[0m[0m
[1;32m     25[0m     [0miframe[0m [0;34m=[0m [0;34mf'<iframe width="{width}" height="{height}" srcdoc="{src}" frameborder="0" allowfullscreen></iframe>'[0m[0;34m[0m[0;34m[0m[0m

[0;32m~/.local/share/virtualenvs/odx-pb6_5LxA/lib/python3.8/site-packages/pandas_profiling/profile_report.py[0m in [0;36mto_html[0;34m(self)[0m
[1;32m    384[0m [0;34m[0m[0m
[1;32m    385[0m         """
[0;32m--> 386[0;31m         [0;32mreturn[0m [0mself[0m[0;34m.[0m[0mhtml[0m[0;34m[0m[0;34m[0m[0m
[0m[1;32m    387[0m [0;34m[0m[0m
[1;32m    388[0m     [0;32mdef[0m [0mto_json[0m[0;34m([0m[0mself[0m[0;34m)[0m [0;34m->[0m [0mstr[0m[0;34m:[0m[0;34m[0m[0;34m[0m[0m

[0;32m~/.local/share/virtualenvs/odx-pb6_5LxA/lib/python3.8/site-packages/pandas_profiling/profile_report.py[0m in [0;36mhtml[0;34m(self)[0m
[1;32m    199[0m     [0;32mdef[0m [0mhtml[0m[0;34m([0m[0mself[0m[0;34m)[0m[0;34m:[0m[0;34m[0m[0;34m[0m[0m
[1;32m    200[0m         [0;32mif[0m [0mself[0m[0;34m.[0m[0m_html[0m [0;32mis[0m [0;32mNone[0m[0;34m:[0m[0;34m[0m[0;34m[0m[0m
[0;32m--> 201[0;31m             [0mself[0m[0;34m.[0m[0m_html[0m [0;34m=[0m [0mself[0m[0;34m.[0m[0m_render_html[0m[0;34m([0m[0;34m)[0m[0;34m[0m[0;34m[0m[0m
[0m[1;32m    202[0m         [0;32mreturn[0m [0mself[0m[0;34m.[0m[0m_html[0m[0;34m[0m[0;34m[0m[0m
[1;32m    203[0m [0;34m[0m[0m

[0;32m~/.local/share/virtualenvs/odx-pb6_5LxA/lib/python3.8/site-packages/pandas_profiling/profile_report.py[0m in [0;36m_render_html[0;34m(self)[0m
[1;32m    306[0m         [0;32mfrom[0m [0mpandas_profiling[0m[0;34m.[0m[0mreport[0m[0;34m.[0m[0mpresentation[0m[0;34m.[0m[0mflavours[0m [0;32mimport[0m [0mHTMLReport[0m[0;34m[0m[0;34m[0m[0m
[1;32m    307[0m [0;34m[0m[0m
[0;32m--> 308[0;31m         [0mreport[0m [0;34m=[0m [0mself[0m[0;34m.[0m[0mreport[0m[0;34m[0m[0;34m[0m[0m
[0m[1;32m    309[0m [0;34m[0m[0m
[1;32m    310[0m         [0mdisable_progress_bar[0m [0;34m=[0m [0;32mnot[0m [0mconfig[0m[0;34m[[0m[0;34m"progress_bar"[0m[0;34m][0m[0;34m.[0m[0mget[0m[0;34m([0m[0mbool[0m[0;34m)[0m[0;34m[0m[0;34m[0m[0m

[0;32m~/.local/share/virtualenvs/odx-pb6_5LxA/lib/python3.8/site-packages/pandas_profiling/profile_report.py[0m in [0;36mreport[0;34m(self)[0m
[1;32m    193[0m     [0;32mdef[0m [0mreport[0m[0;34m([0m[0mself[0m[0;34m)[0m[0;34m:[0m[0;34m[0m[0;34m[0m[0m
[1;32m    194[0m         [0;32mif[0m [0mself[0m[0;34m.[0m[0m_report[0m [0;32mis[0m [0;32mNone[0m[0;34m:[0m[0;34m[0m[0;34m[0m[0m
[0;32m--> 195[0;31m             [0mself[0m[0;34m.[0m[0m_report[0m [0;34m=[0m [0mget_report_structure[0m[0;34m([0m[0mself[0m[0;34m.[0m[0mdescription_set[0m[0;34m)[0m[0;34m[0m[0;34m[0m[0m
[0m[1;32m    196[0m         [0;32mreturn[0m [0mself[0m[0;34m.[0m[0m_report[0m[0;34m[0m[0;34m[0m[0m
[1;32m    197[0m [0;34m[0m[0m

[0;32m~/.local/share/virtualenvs/odx-pb6_5LxA/lib/python3.8/site-packages/pandas_profiling/report/structure/report.py[0m in [0;36mget_report_structure[0;34m(summary)[0m
[1;32m    245[0m             ),
[1;32m    246[0m             Container(
[0;32m--> 247[0;31m                 [0mrender_variables_section[0m[0;34m([0m[0msummary[0m[0;34m)[0m[0;34m,[0m[0;34m[0m[0;34m[0m[0m
[0m[1;32m    248[0m                 [0msequence_type[0m[0;34m=[0m[0;34m"accordion"[0m[0;34m,[0m[0;34m[0m[0;34m[0m[0m
[1;32m    249[0m                 [0mname[0m[0;34m=[0m[0;34m"Variables"[0m[0;34m,[0m[0;34m[0m[0;34m[0m[0m

[0;32m~/.local/share/virtualenvs/odx-pb6_5LxA/lib/python3.8/site-packages/pandas_profiling/report/structure/report.py[0m in [0;36mrender_variables_section[0;34m(dataframe_summary)[0m
[1;32m    100[0m [0;34m[0m[0m
[1;32m    101[0m         [0;31m# Per type template variables[0m[0;34m[0m[0;34m[0m[0;34m[0m[0m
[0;32m--> 102[0;31m         [0mtemplate_variables[0m[0;34m.[0m[0mupdate[0m[0;34m([0m[0mrender_map[0m[0;34m[[0m[0msummary[0m[0;34m[[0m[0;34m"type"[0m[0;34m][0m[0;34m][0m[0;34m([0m[0mtemplate_variables[0m[0;34m)[0m[0;34m)[0m[0;34m[0m[0;34m[0m[0m
[0m[1;32m    103[0m [0;34m[0m[0m
[1;32m    104[0m         [0;31m# Ignore these[0m[0;34m[0m[0;34m[0m[0;34m[0m[0m

[0;32m~/.local/share/virtualenvs/odx-pb6_5LxA/lib/python3.8/site-packages/pandas_profiling/report/structure/variables/render_real.py[0m in [0;36mrender_real[0;34m(summary)[0m
[1;32m    113[0m [0;34m[0m[0m
[1;32m    114[0m     mini_histo = Image(
[0;32m--> 115[0;31m         [0mmini_histogram[0m[0;34m([0m[0;34m*[0m[0msummary[0m[0;34m[[0m[0;34m"histogram"[0m[0;34m][0m[0;34m)[0m[0;34m,[0m[0;34m[0m[0;34m[0m[0m
[0m[1;32m    116[0m         [0mimage_format[0m[0;34m=[0m[0mimage_format[0m[0;34m,[0m[0;34m[0m[0;34m[0m[0m
[1;32m    117[0m         [0malt[0m[0;34m=[0m[0;34m"Mini histogram"[0m[0;34m,[0m[0;34m[0m[0;34m[0m[0m

[0;32m/usr/lib/python3.8/contextlib.py[0m in [0;36minner[0;34m(*args, **kwds)[0m
[1;32m     73[0m         [0;32mdef[0m [0minner[0m[0;34m([0m[0;34m*[0m[0margs[0m[0;34m,[0m [0;34m**[0m[0mkwds[0m[0;34m)[0m[0;34m:[0m[0;34m[0m[0;34m[0m[0m
[1;32m     74[0m             [0;32mwith[0m [0mself[0m[0;34m.[0m[0m_recreate_cm[0m[0;34m([0m[0;34m)[0m[0;34m:[0m[0;34m[0m[0;34m[0m[0m
[0;32m---> 75[0;31m                 [0;32mreturn[0m [0mfunc[0m[0;34m([0m[0;34m*[0m[0margs[0m[0;34m,[0m [0;34m**[0m[0mkwds[0m[0;34m)[0m[0;34m[0m[0;34m[0m[0m
[0m[1;32m     76[0m         [0;32mreturn[0m [0minner[0m[0;34m[0m[0;34m[0m[0m
[1;32m     77[0m [0;34m[0m[0m

[0;32m~/.local/share/virtualenvs/odx-pb6_5LxA/lib/python3.8/site-packages/pandas_profiling/visualisation/plot.py[0m in [0;36mmini_histogram[0;34m(series, bins, date)[0m
[1;32m     97[0m     [0mplot[0m[0;34m.[0m[0mfigure[0m[0;34m.[0m[0mtight_layout[0m[0;34m([0m[0;34m)[0m[0;34m[0m[0;34m[0m[0m
[1;32m     98[0m [0;34m[0m[0m
[0;32m---> 99[0;31m     [0;32mreturn[0m [0mplot_360_n0sc0pe[0m[0;34m([0m[0mplt[0m[0;34m)[0m[0;34m[0m[0;34m[0m[0m
[0m[1;32m    100[0m [0;34m[0m[0m
[1;32m    101[0m [0;34m[0m[0m

[0;32m~/.local/share/virtualenvs/odx-pb6_5LxA/lib/python3.8/site-packages/pandas_profiling/visualisation/utils.py[0m in [0;36mplot_360_n0sc0pe[0;34m(plt, image_format, attempts)[0m
[1;32m     66[0m             [0;32mif[0m [0mimage_format[0m [0;34m==[0m [0;34m"svg"[0m[0;34m:[0m[0;34m[0m[0;34m[0m[0m
[1;32m     67[0m                 [0mimage_str[0m [0;34m=[0m [0mStringIO[0m[0;34m([0m[0;34m)[0m[0;34m[0m[0;34m[0m[0m
[0;32m---> 68[0;31m                 [0mplt[0m[0;34m.[0m[0msavefig[0m[0;34m([0m[0mimage_str[0m[0;34m,[0m [0mformat[0m[0;34m=[0m[0mimage_format[0m[0;34m)[0m[0;34m[0m[0;34m[0m[0m
[0m[1;32m     69[0m                 [0mimage_str[0m[0;34m.[0m[0mseek[0m[0;34m([0m[0;36m0[0m[0;34m)[0m[0;34m[0m[0;34m[0m[0m
[1;32m     70[0m                 [0mresult_string[0m [0;34m=[0m [0mimage_str[0m[0;34m.[0m[0mgetvalue[0m[0;34m([0m[0;34m)[0m[0;34m[0m[0;34m[0m[0m

[0;32m~/.local/share/virtualenvs/odx-pb6_5LxA/lib/python3.8/site-packages/matplotlib/pyplot.py[0m in [0;36msavefig[0;34m(*args, **kwargs)[0m
[1;32m    936[0m     [0mfig[0m [0;34m=[0m [0mgcf[0m[0;34m([0m[0;34m)[0m[0;34m[0m[0;34m[0m[0m
[1;32m    937[0m     [0mres[0m [0;34m=[0m [0mfig[0m[0;34m.[0m[0msavefig[0m[0;34m([0m[0;34m*[0m[0margs[0m[0;34m,[0m [0;34m**[0m[0mkwargs[0m[0;34m)[0m[0;34m[0m[0;34m[0m[0m
[0;32m--> 938[0;31m     [0mfig[0m[0;34m.[0m[0mcanvas[0m[0;34m.[0m[0mdraw_idle[0m[0;34m([0m[0;34m)[0m   [0;31m# need this if 'transparent=True' to reset colors[0m[0;34m[0m[0;34m[0m[0m
[0m[1;32m    939[0m     [0;32mreturn[0m [0mres[0m[0;34m[0m[0;34m[0m[0m
[1;32m    940[0m [0;34m[0m[0m

[0;32m~/.local/share/virtualenvs/odx-pb6_5LxA/lib/python3.8/site-packages/matplotlib/backend_bases.py[0m in [0;36mdraw_idle[0;34m(self, *args, **kwargs)[0m
[1;32m   2053[0m         [0;32mif[0m [0;32mnot[0m [0mself[0m[0;34m.[0m[0m_is_idle_drawing[0m[0;34m:[0m[0;34m[0m[0;34m[0m[0m
[1;32m   2054[0m             [0;32mwith[0m [0mself[0m[0;34m.[0m[0m_idle_draw_cntx[0m[0;34m([0m[0;34m)[0m[0;34m:[0m[0;34m[0m[0;34m[0m[0m
[0;32m-> 2055[0;31m                 [0mself[0m[0;34m.[0m[0mdraw[0m[0;34m([0m[0;34m*[0m[0margs[0m[0;34m,[0m [0;34m**[0m[0mkwargs[0m[0;34m)[0m[0;34m[0m[0;34m[0m[0m
[0m[1;32m   2056[0m [0;34m[0m[0m
[1;32m   2057[0m     [0;32mdef[0m [0mget_width_height[0m[0;34m([0m[0mself[0m[0;34m)[0m[0;34m:[0m[0;34m[0m[0;34m[0m[0m

[0;32m~/.local/share/virtualenvs/odx-pb6_5LxA/lib/python3.8/site-packages/matplotlib/backends/backend_agg.py[0m in [0;36mdraw[0;34m(self)[0m
[1;32m    404[0m              (self.toolbar._wait_cursor_for_draw_cm() if self.toolbar
[1;32m    405[0m               else nullcontext()):
[0;32m--> 406[0;31m             [0mself[0m[0;34m.[0m[0mfigure[0m[0;34m.[0m[0mdraw[0m[0;34m([0m[0mself[0m[0;34m.[0m[0mrenderer[0m[0;34m)[0m[0;34m[0m[0;34m[0m[0m
[0m[1;32m    407[0m             [0;31m# A GUI class may be need to update a window using this draw, so[0m[0;34m[0m[0;34m[0m[0;34m[0m[0m
[1;32m    408[0m             [0;31m# don't forget to call the superclass.[0m[0;34m[0m[0;34m[0m[0;34m[0m[0m

[0;32m~/.local/share/virtualenvs/odx-pb6_5LxA/lib/python3.8/site-packages/matplotlib/artist.py[0m in [0;36mdraw_wrapper[0;34m(artist, renderer, *args, **kwargs)[0m
[1;32m     72[0m     [0;34m@[0m[0mwraps[0m[0;34m([0m[0mdraw[0m[0;34m)[0m[0;34m[0m[0;34m[0m[0m
[1;32m     73[0m     [0;32mdef[0m [0mdraw_wrapper[0m[0;34m([0m[0martist[0m[0;34m,[0m [0mrenderer[0m[0;34m,[0m [0;34m*[0m[0margs[0m[0;34m,[0m [0;34m**[0m[0mkwargs[0m[0;34m)[0m[0;34m:[0m[0;34m[0m[0;34m[0m[0m
[0;32m---> 74[0;31m         [0mresult[0m [0;34m=[0m [0mdraw[0m[0;34m([0m[0martist[0m[0;34m,[0m [0mrenderer[0m[0;34m,[0m [0;34m*[0m[0margs[0m[0;34m,[0m [0;34m**[0m[0mkwargs[0m[0;34m)[0m[0;34m[0m[0;34m[0m[0m
[0m[1;32m     75[0m         [0;32mif[0m [0mrenderer[0m[0;34m.[0m[0m_rasterizing[0m[0;34m:[0m[0;34m[0m[0;34m[0m[0m
[1;32m     76[0m             [0mrenderer[0m[0;34m.[0m[0mstop_rasterizing[0m[0;34m([0m[0;34m)[0m[0;34m[0m[0;34m[0m[0m

[0;32m~/.local/share/virtualenvs/odx-pb6_5LxA/lib/python3.8/site-packages/matplotlib/artist.py[0m in [0;36mdraw_wrapper[0;34m(artist, renderer, *args, **kwargs)[0m
[1;32m     49[0m                 [0mrenderer[0m[0;34m.[0m[0mstart_filter[0m[0;34m([0m[0;34m)[0m[0;34m[0m[0;34m[0m[0m
[1;32m     50[0m [0;34m[0m[0m
[0;32m---> 51[0;31m             [0;32mreturn[0m [0mdraw[0m[0;34m([0m[0martist[0m[0;34m,[0m [0mrenderer[0m[0;34m,[0m [0;34m*[0m[0margs[0m[0;34m,[0m [0;34m**[0m[0mkwargs[0m[0;34m)[0m[0;34m[0m[0;34m[0m[0m
[0m[1;32m     52[0m         [0;32mfinally[0m[0;34m:[0m[0;34m[0m[0;34m[0m[0m
[1;32m     53[0m             [0;32mif[0m [0martist[0m[0;34m.[0m[0mget_agg_filter[0m[0;34m([0m[0;34m)[0m [0;32mis[0m [0;32mnot[0m [0;32mNone[0m[0;34m:[0m[0;34m[0m[0;34m[0m[0m

[0;32m~/.local/share/virtualenvs/odx-pb6_5LxA/lib/python3.8/site-packages/matplotlib/figure.py[0m in [0;36mdraw[0;34m(self, renderer)[0m
[1;32m   2735[0m [0;34m[0m[0m
[1;32m   2736[0m             [0mself[0m[0;34m.[0m[0mpatch[0m[0;34m.[0m[0mdraw[0m[0;34m([0m[0mrenderer[0m[0;34m)[0m[0;34m[0m[0;34m[0m[0m
[0;32m-> 2737[0;31m             mimage._draw_list_compositing_images(
[0m[1;32m   2738[0m                 renderer, self, artists, self.suppressComposite)
[1;32m   2739[0m [0;34m[0m[0m

[0;32m~/.local/share/virtualenvs/odx-pb6_5LxA/lib/python3.8/site-packages/matplotlib/image.py[0m in [0;36m_draw_list_compositing_images[0;34m(renderer, parent, artists, suppress_composite)[0m
[1;32m    130[0m     [0;32mif[0m [0mnot_composite[0m [0;32mor[0m [0;32mnot[0m [0mhas_images[0m[0;34m:[0m[0;34m[0m[0;34m[0m[0m
[1;32m    131[0m         [0;32mfor[0m [0ma[0m [0;32min[0m [0martists[0m[0;34m:[0m[0;34m[0m[0;34m[0m[0m
[0;32m--> 132[0;31m             [0ma[0m[0;34m.[0m[0mdraw[0m[0;34m([0m[0mrenderer[0m[0;34m)[0m[0;34m[0m[0;34m[0m[0m
[0m[1;32m    133[0m     [0;32melse[0m[0;34m:[0m[0;34m[0m[0;34m[0m[0m
[1;32m    134[0m         [0;31m# Composite any adjacent images together[0m[0;34m[0m[0;34m[0m[0;34m[0m[0m

[0;32m~/.local/share/virtualenvs/odx-pb6_5LxA/lib/python3.8/site-packages/matplotlib/artist.py[0m in [0;36mdraw_wrapper[0;34m(artist, renderer, *args, **kwargs)[0m
[1;32m     49[0m                 [0mrenderer[0m[0;34m.[0m[0mstart_filter[0m[0;34m([0m[0;34m)[0m[0;34m[0m[0;34m[0m[0m
[1;32m     50[0m [0;34m[0m[0m
[0;32m---> 51[0;31m             [0;32mreturn[0m [0mdraw[0m[0;34m([0m[0martist[0m[0;34m,[0m [0mrenderer[0m[0;34m,[0m [0;34m*[0m[0margs[0m[0;34m,[0m [0;34m**[0m[0mkwargs[0m[0;34m)[0m[0;34m[0m[0;34m[0m[0m
[0m[1;32m     52[0m         [0;32mfinally[0m[0;34m:[0m[0;34m[0m[0;34m[0m[0m
[1;32m     53[0m             [0;32mif[0m [0martist[0m[0;34m.[0m[0mget_agg_filter[0m[0;34m([0m[0;34m)[0m [0;32mis[0m [0;32mnot[0m [0;32mNone[0m[0;34m:[0m[0;34m[0m[0;34m[0m[0m

[0;32m~/.local/share/virtualenvs/odx-pb6_5LxA/lib/python3.8/site-packages/matplotlib/_api/deprecation.py[0m in [0;36mwrapper[0;34m(*inner_args, **inner_kwargs)[0m
[1;32m    429[0m                          [0;32melse[0m [0mdeprecation_addendum[0m[0;34m,[0m[0;34m[0m[0;34m[0m[0m
[1;32m    430[0m                 **kwargs)
[0;32m--> 431[0;31m         [0;32mreturn[0m [0mfunc[0m[0;34m([0m[0;34m*[0m[0minner_args[0m[0;34m,[0m [0;34m**[0m[0minner_kwargs[0m[0;34m)[0m[0;34m[0m[0;34m[0m[0m
[0m[1;32m    432[0m [0;34m[0m[0m
[1;32m    433[0m     [0;32mreturn[0m [0mwrapper[0m[0;34m[0m[0;34m[0m[0m

[0;32m~/.local/share/virtualenvs/odx-pb6_5LxA/lib/python3.8/site-packages/matplotlib/axes/_base.py[0m in [0;36mdraw[0;34m(self, renderer, inframe)[0m
[1;32m   2923[0m             [0mrenderer[0m[0;34m.[0m[0mstop_rasterizing[0m[0;34m([0m[0;34m)[0m[0;34m[0m[0;34m[0m[0m
[1;32m   2924[0m [0;34m[0m[0m
[0;32m-> 2925[0;31m         [0mmimage[0m[0;34m.[0m[0m_draw_list_compositing_images[0m[0;34m([0m[0mrenderer[0m[0;34m,[0m [0mself[0m[0;34m,[0m [0martists[0m[0;34m)[0m[0;34m[0m[0;34m[0m[0m
[0m[1;32m   2926[0m [0;34m[0m[0m
[1;32m   2927[0m         [0mrenderer[0m[0;34m.[0m[0mclose_group[0m[0;34m([0m[0;34m'axes'[0m[0;34m)[0m[0;34m[0m[0;34m[0m[0m

[0;32m~/.local/share/virtualenvs/odx-pb6_5LxA/lib/python3.8/site-packages/matplotlib/image.py[0m in [0;36m_draw_list_compositing_images[0;34m(renderer, parent, artists, suppress_composite)[0m
[1;32m    130[0m     [0;32mif[0m [0mnot_composite[0m [0;32mor[0m [0;32mnot[0m [0mhas_images[0m[0;34m:[0m[0;34m[0m[0;34m[0m[0m
[1;32m    131[0m         [0;32mfor[0m [0ma[0m [0;32min[0m [0martists[0m[0;34m:[0m[0;34m[0m[0;34m[0m[0m
[0;32m--> 132[0;31m             [0ma[0m[0;34m.[0m[0mdraw[0m[0;34m([0m[0mrenderer[0m[0;34m)[0m[0;34m[0m[0;34m[0m[0m
[0m[1;32m    133[0m     [0;32melse[0m[0;34m:[0m[0;34m[0m[0;34m[0m[0m
[1;32m    134[0m         [0;31m# Composite any adjacent images together[0m[0;34m[0m[0;34m[0m[0;34m[0m[0m

[0;32m~/.local/share/virtualenvs/odx-pb6_5LxA/lib/python3.8/site-packages/matplotlib/artist.py[0m in [0;36mdraw_wrapper[0;34m(artist, renderer, *args, **kwargs)[0m
[1;32m     49[0m                 [0mrenderer[0m[0;34m.[0m[0mstart_filter[0m[0;34m([0m[0;34m)[0m[0;34m[0m[0;34m[0m[0m
[1;32m     50[0m [0;34m[0m[0m
[0;32m---> 51[0;31m             [0;32mreturn[0m [0mdraw[0m[0;34m([0m[0martist[0m[0;34m,[0m [0mrenderer[0m[0;34m,[0m [0;34m*[0m[0margs[0m[0;34m,[0m [0;34m**[0m[0mkwargs[0m[0;34m)[0m[0;34m[0m[0;34m[0m[0m
[0m[1;32m     52[0m         [0;32mfinally[0m[0;34m:[0m[0;34m[0m[0;34m[0m[0m
[1;32m     53[0m             [0;32mif[0m [0martist[0m[0;34m.[0m[0mget_agg_filter[0m[0;34m([0m[0;34m)[0m [0;32mis[0m [0;32mnot[0m [0;32mNone[0m[0;34m:[0m[0;34m[0m[0;34m[0m[0m

[0;32m~/.local/share/virtualenvs/odx-pb6_5LxA/lib/python3.8/site-packages/matplotlib/patches.py[0m in [0;36mdraw[0;34m(self, renderer)[0m
[1;32m    607[0m             [0mtransform[0m [0;34m=[0m [0mself[0m[0;34m.[0m[0mget_transform[0m[0;34m([0m[0;34m)[0m[0;34m[0m[0;34m[0m[0m
[1;32m    608[0m             [0mtpath[0m [0;34m=[0m [0mtransform[0m[0;34m.[0m[0mtransform_path_non_affine[0m[0;34m([0m[0mpath[0m[0;34m)[0m[0;34m[0m[0;34m[0m[0m
[0;32m--> 609[0;31m             [0maffine[0m [0;34m=[0m [0mtransform[0m[0;34m.[0m[0mget_affine[0m[0;34m([0m[0;34m)[0m[0;34m[0m[0;34m[0m[0m
[0m[1;32m    610[0m             draw_path(tpath, affine,
[1;32m    611[0m                       [0;31m# Work around a bug in the PDF and SVG renderers, which[0m[0;34m[0m[0;34m[0m[0;34m[0m[0m

[0;32m~/.local/share/virtualenvs/odx-pb6_5LxA/lib/python3.8/site-packages/matplotlib/transforms.py[0m in [0;36mget_affine[0;34m(self)[0m
[1;32m   2404[0m             [0;32mreturn[0m [0mself[0m[0;34m.[0m[0m_b[0m[0;34m.[0m[0mget_affine[0m[0;34m([0m[0;34m)[0m[0;34m[0m[0;34m[0m[0m
[1;32m   2405[0m         [0;32melse[0m[0;34m:[0m[0;34m[0m[0;34m[0m[0m
[0;32m-> 2406[0;31m             return Affine2D(np.dot(self._b.get_affine().get_matrix(),
[0m[1;32m   2407[0m                                    self._a.get_affine().get_matrix()))
[1;32m   2408[0m [0;34m[0m[0m

[0;32m~/.local/share/virtualenvs/odx-pb6_5LxA/lib/python3.8/site-packages/matplotlib/transforms.py[0m in [0;36mget_affine[0;34m(self)[0m
[1;32m   2404[0m             [0;32mreturn[0m [0mself[0m[0;34m.[0m[0m_b[0m[0;34m.[0m[0mget_affine[0m[0;34m([0m[0;34m)[0m[0;34m[0m[0;34m[0m[0m
[1;32m   2405[0m         [0;32melse[0m[0;34m:[0m[0;34m[0m[0;34m[0m[0m
[0;32m-> 2406[0;31m             return Affine2D(np.dot(self._b.get_affine().get_matrix(),
[0m[1;32m   2407[0m                                    self._a.get_affine().get_matrix()))
[1;32m   2408[0m [0;34m[0m[0m

[0;32m~/.local/share/virtualenvs/odx-pb6_5LxA/lib/python3.8/site-packages/matplotlib/transforms.py[0m in [0;36mget_affine[0;34m(self)[0m
[1;32m   2404[0m             [0;32mreturn[0m [0mself[0m[0;34m.[0m[0m_b[0m[0;34m.[0m[0mget_affine[0m[0;34m([0m[0;34m)[0m[0;34m[0m[0;34m[0m[0m
[1;32m   2405[0m         [0;32melse[0m[0;34m:[0m[0;34m[0m[0;34m[0m[0m
[0;32m-> 2406[0;31m             return Affine2D(np.dot(self._b.get_affine().get_matrix(),
[0m[1;32m   2407[0m                                    self._a.get_affine().get_matrix()))
[1;32m   2408[0m [0;34m[0m[0m

[0;32m~/.local/share/virtualenvs/odx-pb6_5LxA/lib/python3.8/site-packages/matplotlib/transforms.py[0m in [0;36mget_affine[0;34m(self)[0m
[1;32m   1787[0m         [0;32mreturn[0m [0mpath[0m[0;34m[0m[0;34m[0m[0m
[1;32m   1788[0m [0;34m[0m[0m
[0;32m-> 1789[0;31m     [0;32mdef[0m [0mget_affine[0m[0;34m([0m[0mself[0m[0;34m)[0m[0;34m:[0m[0;34m[0m[0;34m[0m[0m
[0m[1;32m   1790[0m         [0;31m# docstring inherited[0m[0;34m[0m[0;34m[0m[0;34m[0m[0m
[1;32m   1791[0m         [0;32mreturn[0m [0mself[0m[0;34m[0m[0;34m[0m[0m

[0;31mKeyboardInterrupt[0m: 
KeyboardInterrupt: 

